<?xml version="1.0" encoding="UTF-8"?>
<!-- Generated by org.testng.reporters.JUnitReportReporter -->
<testsuite hostname="US-C02QC1T8G8WL" failures="0" tests="2" name="tests.GetAndPostExamples" time="2.077" errors="0" timestamp="2024-07-29T18:37:35 EEST" skipped="0">
  <testcase classname="tests.GetAndPostExamples" name="testPost" time="0.292"/>
  <system-out/>
  <testcase classname="tests.GetAndPostExamples" name="testGet" time="1.785"/>
  <system-out/>
</testsuite> <!-- tests.GetAndPostExamples -->
