<?xml version="1.0" encoding="UTF-8"?>
<!-- Generated by org.testng.reporters.JUnitReportReporter -->
<testsuite hostname="US-C02QC1T8G8WL" failures="0" tests="3" name="tests.PutPatchAndDelete" time="1.957" errors="0" timestamp="2024-07-29T21:15:50 EEST" skipped="0">
  <testcase classname="tests.PutPatchAndDelete" name="testPut" time="0.243"/>
  <system-out/>
  <testcase classname="tests.PutPatchAndDelete" name="testPatch" time="0.279"/>
  <system-out/>
  <testcase classname="tests.PutPatchAndDelete" name="testDelete" time="1.435"/>
  <system-out/>
</testsuite> <!-- tests.PutPatchAndDelete -->
