<?xml version="1.0" encoding="UTF-8"?>
<!-- Generated by org.testng.reporters.JUnitReportReporter -->
<testsuite hostname="US-C02QC1T8G8WL" failures="0" tests="1" name="tests.SoapXMLRequest" time="2.115" errors="0" timestamp="2024-07-30T22:30:50 EEST" skipped="0">
  <testcase classname="tests.SoapXMLRequest" name="validateSoapXML" time="2.115"/>
  <system-out/>
</testsuite> <!-- tests.SoapXMLRequest -->
