<?xml version="1.0" encoding="UTF-8"?>
<!-- Generated by org.testng.reporters.JUnitReportReporter -->
<testsuite hostname="US-C02QC1T8G8WL" failures="0" tests="1" name="tests.TestsOnLocalAPI" time="1.469" errors="0" timestamp="2024-07-30T20:23:25 EEST" skipped="0">
  <testcase classname="tests.TestsOnLocalAPI" name="delete" time="1.469"/>
  <system-out/>
</testsuite> <!-- tests.TestsOnLocalAPI -->
