<?xml version="1.0" encoding="UTF-8"?>
<!-- Generated by org.testng.reporters.JUnitReportReporter -->
<testsuite hostname="US-C02QC1T8G8WL" failures="0" tests="2" name="tests.TestExamples" time="2.457" errors="0" timestamp="2024-07-29T17:30:56 EEST" skipped="0">
  <testcase classname="tests.TestExamples" name="test_staticImport" time="0.686"/>
  <system-out/>
  <testcase classname="tests.TestExamples" name="test_getSimpleResponse" time="1.771"/>
  <system-out/>
</testsuite> <!-- tests.TestExamples -->
